2024-11-28 20:14:20,407 {'mean': np.float64(19.99999999999713), 'stdev': np.float64(7.039551766956154e-15), 'max': np.float64(19.999999999997137), 'min': np.float64(19.999999999997133), 'median': np.float64(19.999999999997137)}
2024-11-28 20:16:03,139 n_gen:150, pop size: 150, mut_rate:0.15
2024-11-28 20:16:03,139 {'mean': np.float64(19.99665455792854), 'stdev': np.float64(1.0493944188028478e-15), 'max': np.float64(19.99665455792854), 'min': np.float64(19.996654557928537), 'median': np.float64(19.99665455792854)}
2024-11-28 20:16:17,958 n_gen:150, pop size: 150, mut_rate:0.15
2024-11-28 20:16:17,959 {'mean': np.float64(19.99996455652802), 'stdev': np.float64(3.564615600509941e-15), 'max': np.float64(19.999964556528017), 'min': np.float64(19.999964556528017), 'median': np.float64(19.999964556528017)}
2024-11-28 20:16:26,012 n_gen:30, pop size: 20, mut_rate:0.15
2024-11-28 20:16:26,012 {'mean': np.float64(19.51974435039021), 'stdev': np.float64(8.150484158540002e-16), 'max': np.float64(19.51974435039021), 'min': np.float64(19.519744350390205), 'median': np.float64(19.51974435039021)}
2024-11-28 20:16:36,177 n_gen:30, pop size: 20, mut_rate:0.15
2024-11-28 20:16:36,177 {'mean': np.float64(19.091392386647346), 'stdev': np.float64(3.552713678800501e-15), 'max': np.float64(19.09139238664735), 'min': np.float64(19.091392386647346), 'median': np.float64(19.09139238664735)}
2024-11-28 20:16:40,300 n_gen:30, pop size: 20, mut_rate:0.15
2024-11-28 20:16:40,300 {'mean': np.float64(19.74184391162981), 'stdev': np.float64(0.0), 'max': np.float64(19.74184391162981), 'min': np.float64(19.74184391162981), 'median': np.float64(19.74184391162981)}
2024-11-28 20:17:07,052 n_gen:30, pop size: 20, mut_rate:0.15
2024-11-28 20:17:07,052 {'mean': np.float64(19.390062992532773), 'stdev': np.float64(3.645007325606123e-15), 'max': np.float64(19.390062992532776), 'min': np.float64(19.390062992532776), 'median': np.float64(19.390062992532776)}
2024-11-28 20:17:12,519 n_gen:30, pop size: 20, mut_rate:0.15
2024-11-28 20:17:12,519 {'mean': np.float64(19.172222601361927), 'stdev': np.float64(3.645007325606123e-15), 'max': np.float64(19.17222260136193), 'min': np.float64(19.17222260136193), 'median': np.float64(19.17222260136193)}
2024-11-28 20:17:15,873 n_gen:30, pop size: 20, mut_rate:0.15
2024-11-28 20:17:15,874 {'mean': np.float64(19.952863046110615), 'stdev': np.float64(0.0), 'max': np.float64(19.952863046110615), 'min': np.float64(19.952863046110615), 'median': np.float64(19.952863046110615)}
2024-11-28 20:18:55,863 n_gen:30, pop size: 20, mut_rate:0.15
2024-11-28 20:18:55,863 {'mean': np.float64(19.93631856416048), 'stdev': np.float64(7.290014651212246e-15), 'max': np.float64(19.936318564160473), 'min': np.float64(19.936318564160473), 'median': np.float64(19.936318564160473)}
2024-11-28 20:18:58,439 n_gen:30, pop size: 20, mut_rate:0.15
2024-11-28 20:18:58,439 {'mean': np.float64(19.999491905693446), 'stdev': np.float64(0.0), 'max': np.float64(19.999491905693446), 'min': np.float64(19.999491905693446), 'median': np.float64(19.999491905693446)}
2024-11-28 20:25:15,418 n_gen:30, pop size: 20, mut_rate:0.15
2024-11-28 20:25:15,418 {'mean': np.float64(19.979957326830647), 'stdev': np.float64(3.645007325606123e-15), 'max': np.float64(19.97995732683065), 'min': np.float64(19.97995732683065), 'median': np.float64(19.97995732683065)}
2024-11-28 20:25:18,912 n_gen:30, pop size: 20, mut_rate:0.15
2024-11-28 20:25:18,912 {'mean': np.float64(19.926096352356097), 'stdev': np.float64(3.9396444976735834e-07), 'max': np.float64(19.92609683047598), 'min': np.float64(19.92609504532095), 'median': np.float64(19.926096502428308)}
2024-11-28 20:25:33,469 n_gen:30, pop size: 20, mut_rate:0.15
2024-11-28 20:25:33,469 {'mean': np.float64(19.503486348415343), 'stdev': np.float64(3.645007325606123e-15), 'max': np.float64(19.503486348415347), 'min': np.float64(19.503486348415347), 'median': np.float64(19.503486348415347)}
2024-11-28 20:25:38,147 n_gen:30, pop size: 20, mut_rate:0.15
2024-11-28 20:25:38,147 {'mean': np.float64(19.922903113127227), 'stdev': np.float64(4.9188960168681946e-05), 'max': np.float64(19.923010833777052), 'min': np.float64(19.922873274749676), 'median': np.float64(19.92287817105021)}
2024-11-28 20:25:39,163 n_gen:30, pop size: 20, mut_rate:0.15
2024-11-28 20:25:39,164 {'mean': np.float64(19.99984412969819), 'stdev': np.float64(1.25548611252451e-05), 'max': np.float64(19.999871638549152), 'min': np.float64(19.999834080904723), 'median': np.float64(19.999842466945722)}
2024-11-28 20:25:40,249 n_gen:30, pop size: 20, mut_rate:0.15
2024-11-28 20:25:40,249 {'mean': np.float64(19.138002073983046), 'stdev': np.float64(1.3725560122263951e-05), 'max': np.float64(19.13802846326841), 'min': np.float64(19.13798931113396), 'median': np.float64(19.137997910899553)}
2024-11-28 20:25:44,539 n_gen:30, pop size: 20, mut_rate:0.15
2024-11-28 20:25:44,539 {'mean': np.float64(19.44564887284053), 'stdev': np.float64(3.645007325606123e-15), 'max': np.float64(19.445648872840525), 'min': np.float64(19.445648872840525), 'median': np.float64(19.445648872840525)}
2024-11-28 20:25:45,889 n_gen:30, pop size: 20, mut_rate:0.15
2024-11-28 20:25:45,889 {'mean': np.float64(19.99632396267112), 'stdev': np.float64(0.0004901724420092082), 'max': np.float64(19.9970843743845), 'min': np.float64(19.99583481942269), 'median': np.float64(19.996195771293376)}
2024-11-28 20:26:03,738 n_gen:30, pop size: 20, mut_rate:0.15
2024-11-28 20:26:03,739 {'mean': np.float64(71.62962068566966), 'stdev': np.float64(3.586213029757601e-14), 'max': np.float64(71.62962068566972), 'min': np.float64(71.62962068566962), 'median': np.float64(71.62962068566969)}
2024-11-28 20:26:19,332 n_gen:100, pop size: 100, mut_rate:0.15
2024-11-28 20:26:19,332 {'mean': np.float64(80.0), 'stdev': np.float64(3.498470589969791e-15), 'max': np.float64(80.0), 'min': np.float64(79.99999999999997), 'median': np.float64(80.0)}
2024-11-28 20:26:22,434 n_gen:100, pop size: 100, mut_rate:0.15
2024-11-28 20:26:22,434 {'mean': np.float64(79.99999999103021), 'stdev': np.float64(1.7906149718679747e-12), 'max': np.float64(79.99999999103458), 'min': np.float64(79.9999999910234), 'median': np.float64(79.99999999103011)}
2024-11-28 20:26:24,507 n_gen:100, pop size: 100, mut_rate:0.15
2024-11-28 20:26:24,507 {'mean': np.float64(79.00459206288252), 'stdev': np.float64(1.5616606417897083e-07), 'max': np.float64(79.0045924615576), 'min': np.float64(79.00459150598863), 'median': np.float64(79.00459215136328)}
2024-11-28 20:26:27,550 n_gen:100, pop size: 100, mut_rate:0.15
2024-11-28 20:26:27,550 {'mean': np.float64(79.0050409429067), 'stdev': np.float64(4.039685873742096e-15), 'max': np.float64(79.0050409429067), 'min': np.float64(79.00504094290667), 'median': np.float64(79.0050409429067)}
2024-11-28 20:26:31,249 n_gen:100, pop size: 100, mut_rate:0.15
2024-11-28 20:26:31,250 {'mean': np.float64(79.99967457372696), 'stdev': np.float64(3.904242833433929e-09), 'max': np.float64(79.99967458143789), 'min': np.float64(79.99967456037783), 'median': np.float64(79.99967457274154)}
2024-11-28 20:26:33,510 n_gen:100, pop size: 100, mut_rate:0.15
2024-11-28 20:26:33,510 {'mean': np.float64(79.93314242324809), 'stdev': np.float64(1.0408453418639256e-07), 'max': np.float64(79.93314269814836), 'min': np.float64(79.93314217333288), 'median': np.float64(79.9331424167461)}
2024-11-28 20:26:34,786 n_gen:100, pop size: 100, mut_rate:0.15
2024-11-28 20:26:34,786 {'mean': np.float64(79.99960595182156), 'stdev': np.float64(7.3690732701742294e-09), 'max': np.float64(79.9996059674772), 'min': np.float64(79.99960593674174), 'median': np.float64(79.99960595326237)}
2024-11-28 20:27:18,523 n_gen:100.0, pop size: 100, mut_rate:0.15
2024-11-28 20:27:18,523 {'mean': np.float64(80.0), 'stdev': np.float64(3.193652098158102e-15), 'max': np.float64(80.0), 'min': np.float64(79.99999999999997), 'median': np.float64(80.0)}
2024-11-28 20:28:42,266 n_gen:100, pop size: 100, mut_rate:0.15
2024-11-28 20:28:42,267 {'mean': 80.0, 'stdev': 2.019842936871048e-15, 'max': 80.0, 'min': 79.99999999999999, 'median': 80.0}
2024-11-28 20:28:44,776 n_gen:100, pop size: 100, mut_rate:0.15
2024-11-28 20:28:44,777 {'mean': 79.99676751442465, 'stdev': 5.496508262734937e-07, 'max': 79.99676884503663, 'min': 79.99676606270941, 'median': 79.9967675293355}
2024-11-28 20:28:48,169 n_gen:100, pop size: 100, mut_rate:0.15
2024-11-28 20:28:48,169 {'mean': 80.0, 'stdev': 2.856489275186539e-15, 'max': 80.0, 'min': 79.99999999999999, 'median': 80.0}
2025-05-12 13:46:06,459 n_gen:100, pop size: 100, mut_rate:0.15
2025-05-12 13:46:06,459 {'mean': 80.0, 'stdev': 8.687672965651699e-15, 'max': 80.0, 'min': 79.99999999999997, 'median': 80.0}
2025-05-12 13:49:06,724 n_gen:100, pop size: 100, mut_rate:0.15
2025-05-12 13:49:06,724 {'mean': 80.0, 'stdev': 0.0, 'max': 80.0, 'min': 80.0, 'median': 80.0}
2025-05-12 13:54:10,837 n_gen:100, pop size: 100, mut_rate:0.15
2025-05-12 13:54:10,837 {'mean': 80.0, 'stdev': 2.019842936871048e-15, 'max': 80.0, 'min': 79.99999999999999, 'median': 80.0}
2025-05-12 13:54:33,006 n_gen:1000, pop size: 100, mut_rate:0.15
2025-05-12 13:54:33,006 {'mean': 80.0, 'stdev': 2.856489275186539e-15, 'max': 80.0, 'min': 79.99999999999999, 'median': 80.0}
2025-05-12 13:55:41,927 n_gen:10, pop size: 100, mut_rate:0.05
2025-05-12 13:55:41,927 {'mean': 75.96340464275757, 'stdev': 2.106876534593545, 'max': 77.61083791195729, 'min': 58.69599321427774, 'median': 75.57401078928791}
2025-05-12 13:55:49,633 n_gen:20, pop size: 100, mut_rate:0.05
2025-05-12 13:55:49,633 {'mean': 79.7019155658725, 'stdev': 0.00970660918839463, 'max': 79.71513026180753, 'min': 79.64659566779369, 'median': 79.70319667029253}
2025-05-12 13:55:55,284 n_gen:30, pop size: 100, mut_rate:0.05
2025-05-12 13:55:55,284 {'mean': 79.44002931060662, 'stdev': 2.0772098129048968e-05, 'max': 79.44012039816371, 'min': 79.44001828530754, 'median': 79.44001828530754}
2025-05-12 13:56:04,481 n_gen:40, pop size: 100, mut_rate:0.05
2025-05-12 13:56:04,482 {'mean': 79.15544745574059, 'stdev': 1.4282446375932695e-14, 'max': 79.15544745574057, 'min': 79.15544745574057, 'median': 79.15544745574057}
2025-05-12 13:56:15,163 n_gen:40, pop size: 100, mut_rate:0.1
2025-05-12 13:56:15,163 {'mean': 79.91554912682463, 'stdev': 6.76401761987317e-05, 'max': 79.91571968952864, 'min': 79.91533911705694, 'median': 79.9155692859133}
2025-05-12 14:02:30,998 n_gen:40, pop size: 100, mut_rate:0.1
2025-05-12 14:02:30,998 {'mean': 78.96996154938452, 'stdev': 7.038969629630377e-12, 'max': 78.9699615493912, 'min': 78.96996154937523, 'median': 78.96996154939053}
2025-05-12 14:03:04,077 n_gen:40, pop size: 100, mut_rate:0.1
2025-05-12 14:03:04,077 {'mean': 79.99994866815945, 'stdev': 7.354862544828002e-05, 'max': 79.99999791577764, 'min': 79.99940701396548, 'median': 79.99998924691342}
2025-05-12 14:03:12,533 n_gen:400, pop size: 100, mut_rate:0.1
2025-05-12 14:03:12,534 {'mean': 78.9725629841, 'stdev': 1.4210854715202004e-14, 'max': 78.97256298410001, 'min': 78.97256298409998, 'median': 78.97256298410001}
2025-05-12 14:03:18,272 n_gen:400, pop size: 100, mut_rate:0.1
2025-05-12 14:03:18,272 {'mean': 79.94280576594501, 'stdev': 1.4282446375932695e-14, 'max': 79.94280576594502, 'min': 79.94280576594502, 'median': 79.94280576594502}
2025-05-12 14:03:26,365 n_gen:100, pop size: 100, mut_rate:0.1
2025-05-12 14:03:26,365 {'mean': 79.00492379902931, 'stdev': 8.271983605578322e-10, 'max': 79.00492380082434, 'min': 79.00492379523016, 'median': 79.00492379911746}
2025-05-12 15:22:17,787 n_gen:100, pop size: 100, mut_rate:0.1
2025-05-12 15:22:17,787 {'mean': 79.99573417976761, 'stdev': 8.562662436722563e-07, 'max': 79.99573693489471, 'min': 79.99573237683737, 'median': 79.99573399568574}
2025-05-12 15:25:39,902 n_gen:100, pop size: 100, mut_rate:0.1
2025-05-12 15:25:39,902 {'mean': 78.93401121072179, 'stdev': 2.856489275186539e-14, 'max': 78.93401121072176, 'min': 78.93401121072176, 'median': 78.93401121072176}
2025-05-12 15:25:43,017 n_gen:100, pop size: 100, mut_rate:0.1
2025-05-12 15:25:43,017 {'mean': 78.89041122780414, 'stdev': 1.4495099955358525e-14, 'max': 78.89041122780412, 'min': 78.89041122780411, 'median': 78.89041122780412}
2025-05-12 15:25:51,589 n_gen:100, pop size: 100, mut_rate:0.1
2025-05-12 15:25:51,590 {'mean': 79.99781275792155, 'stdev': 2.8452106967155037e-08, 'max': 79.99781280491665, 'min': 79.99781273454512, 'median': 79.99781274014718}
2025-05-12 15:50:13,766 n_gen:100, pop size: 100, mut_rate:0.1
2025-05-12 15:50:13,766 {'mean': 79.00504093630634, 'stdev': 3.5488924925083218e-12, 'max': 79.00504093631592, 'min': 79.005040936299, 'median': 79.00504093630536}
2025-05-12 16:01:45,935 n_gen:100, pop size: 100, mut_rate:0.1
2025-05-12 16:01:45,935 {'mean': 79.86669181160465, 'stdev': 8.074959105128657e-10, 'max': 79.86669181359312, 'min': 79.86669181055862, 'median': 79.86669181157318}
2025-05-12 16:18:37,941 n_gen:100, pop size: 100, mut_rate:0.1
2025-05-12 16:18:37,941 {'mean': 79.99999666177767, 'stdev': 3.931848141011813e-09, 'max': 79.9999966757114, 'min': 79.9999966544326, 'median': 79.99999666135365}
2025-05-12 16:18:40,719 n_gen:100, pop size: 100, mut_rate:0.1
2025-05-12 16:18:40,719 {'mean': 79.99914402646137, 'stdev': 4.798678318463509e-08, 'max': 79.99914417598593, 'min': 79.99914390489349, 'median': 79.99914402822824}
2025-05-12 16:18:45,784 n_gen:100, pop size: 100, mut_rate:0.1
2025-05-12 16:18:45,785 {'mean': 79.99994074433144, 'stdev': 5.0123567445857014e-12, 'max': 79.99994074434198, 'min': 79.99994074432242, 'median': 79.999940744329}
2025-05-12 16:18:55,969 n_gen:100, pop size: 100, mut_rate:0.5
2025-05-12 16:18:55,969 {'mean': 80.0, 'stdev': 7.822818056456247e-15, 'max': 80.0, 'min': 79.99999999999996, 'median': 80.0}
2025-05-12 16:19:03,460 n_gen:100, pop size: 100, mut_rate:0.1
2025-05-12 16:19:03,461 {'mean': 79.99999999452129, 'stdev': 1.6268385947106595e-10, 'max': 79.99999999480895, 'min': 79.99999999420747, 'median': 79.99999999446945}
2025-05-12 16:21:41,213 best fitness generation 0 : [69.36015444]
2025-05-12 16:21:41,215 best fitness generation 1 : [71.1933772]
2025-05-12 16:21:41,217 best fitness generation 2 : [77.30954416]
2025-05-12 16:21:41,219 best fitness generation 3 : [77.31873941]
2025-05-12 16:21:41,221 best fitness generation 4 : [77.31873941]
2025-05-12 16:21:41,223 best fitness generation 5 : [77.31873941]
2025-05-12 16:21:41,225 best fitness generation 6 : [77.31873941]
2025-05-12 16:21:41,227 best fitness generation 7 : [77.31873941]
2025-05-12 16:21:41,229 best fitness generation 8 : [77.31873941]
2025-05-12 16:21:41,231 best fitness generation 9 : [77.60409518]
2025-05-12 16:21:41,233 best fitness generation 10 : [77.60409518]
2025-05-12 16:21:41,235 best fitness generation 11 : [77.60409518]
2025-05-12 16:21:41,237 best fitness generation 12 : [77.60409518]
2025-05-12 16:21:41,239 best fitness generation 13 : [78.24897854]
2025-05-12 16:21:41,241 best fitness generation 14 : [78.24897854]
2025-05-12 16:21:41,243 best fitness generation 15 : [78.24897854]
2025-05-12 16:21:41,245 best fitness generation 16 : [78.24897854]
2025-05-12 16:21:41,246 best fitness generation 17 : [78.24897854]
2025-05-12 16:21:41,248 best fitness generation 18 : [78.24897854]
2025-05-12 16:21:41,250 best fitness generation 19 : [78.32543168]
2025-05-12 16:21:41,252 best fitness generation 20 : [78.32543168]
2025-05-12 16:21:41,254 best fitness generation 21 : [78.33193736]
2025-05-12 16:21:41,256 best fitness generation 22 : [78.33193736]
2025-05-12 16:21:41,258 best fitness generation 23 : [78.33193736]
2025-05-12 16:21:41,260 best fitness generation 24 : [78.33193736]
2025-05-12 16:21:41,262 best fitness generation 25 : [78.33193736]
2025-05-12 16:21:41,264 best fitness generation 26 : [78.33193736]
2025-05-12 16:21:41,265 best fitness generation 27 : [78.33238613]
2025-05-12 16:21:41,267 best fitness generation 28 : [78.33238613]
2025-05-12 16:21:41,269 best fitness generation 29 : [78.33246745]
2025-05-12 16:21:41,271 best fitness generation 30 : [78.33246745]
2025-05-12 16:21:41,273 best fitness generation 31 : [78.33246745]
2025-05-12 16:21:41,275 best fitness generation 32 : [78.33259945]
2025-05-12 16:21:41,277 best fitness generation 33 : [78.33264216]
2025-05-12 16:21:41,279 best fitness generation 34 : [78.33264216]
2025-05-12 16:21:41,281 best fitness generation 35 : [78.33264216]
2025-05-12 16:21:41,283 best fitness generation 36 : [78.33264216]
2025-05-12 16:21:41,285 best fitness generation 37 : [78.33264255]
2025-05-12 16:21:41,286 best fitness generation 38 : [78.33264216]
2025-05-12 16:21:41,288 best fitness generation 39 : [78.33264268]
2025-05-12 16:21:41,290 best fitness generation 40 : [78.33264268]
2025-05-12 16:21:41,292 best fitness generation 41 : [78.3326428]
2025-05-12 16:21:41,294 best fitness generation 42 : [78.33264277]
2025-05-12 16:21:41,296 best fitness generation 43 : [78.33264277]
2025-05-12 16:21:41,298 best fitness generation 44 : [78.33264277]
2025-05-12 16:21:41,300 best fitness generation 45 : [78.33264277]
2025-05-12 16:21:41,302 best fitness generation 46 : [78.33264281]
2025-05-12 16:21:41,304 best fitness generation 47 : [78.33264283]
2025-05-12 16:21:41,306 best fitness generation 48 : [78.33264285]
2025-05-12 16:21:41,308 best fitness generation 49 : [78.33264285]
2025-05-12 16:21:41,310 best fitness generation 50 : [78.33264286]
2025-05-12 16:21:41,312 best fitness generation 51 : [78.33264285]
2025-05-12 16:21:41,313 best fitness generation 52 : [78.33264285]
2025-05-12 16:21:41,315 best fitness generation 53 : [78.33264286]
2025-05-12 16:21:41,317 best fitness generation 54 : [78.33264286]
2025-05-12 16:21:41,319 best fitness generation 55 : [78.33264286]
2025-05-12 16:21:41,321 best fitness generation 56 : [78.33264286]
2025-05-12 16:21:41,323 best fitness generation 57 : [78.33264286]
2025-05-12 16:21:41,325 best fitness generation 58 : [78.33264286]
2025-05-12 16:21:41,327 best fitness generation 59 : [78.33264286]
2025-05-12 16:21:41,329 best fitness generation 60 : [78.33264286]
2025-05-12 16:21:41,331 best fitness generation 61 : [78.33264286]
2025-05-12 16:21:41,333 best fitness generation 62 : [78.33264286]
2025-05-12 16:21:41,334 best fitness generation 63 : [78.33264286]
2025-05-12 16:21:41,336 best fitness generation 64 : [78.33264286]
2025-05-12 16:21:41,338 best fitness generation 65 : [78.33264286]
2025-05-12 16:21:41,340 best fitness generation 66 : [78.33264286]
2025-05-12 16:21:41,342 best fitness generation 67 : [78.33264286]
2025-05-12 16:21:41,344 best fitness generation 68 : [78.33264286]
2025-05-12 16:21:41,346 best fitness generation 69 : [78.33264286]
2025-05-12 16:21:41,348 best fitness generation 70 : [78.33264286]
2025-05-12 16:21:41,350 best fitness generation 71 : [78.33264286]
2025-05-12 16:21:41,352 best fitness generation 72 : [78.33264286]
2025-05-12 16:21:41,354 best fitness generation 73 : [78.33264286]
2025-05-12 16:21:41,355 best fitness generation 74 : [78.33264286]
2025-05-12 16:21:41,357 best fitness generation 75 : [78.33264286]
2025-05-12 16:21:41,359 best fitness generation 76 : [78.33264286]
2025-05-12 16:21:41,361 best fitness generation 77 : [78.33264286]
2025-05-12 16:21:41,363 best fitness generation 78 : [78.33264286]
2025-05-12 16:21:41,365 best fitness generation 79 : [78.33264286]
2025-05-12 16:21:41,367 best fitness generation 80 : [78.33264286]
2025-05-12 16:21:41,369 best fitness generation 81 : [78.33264286]
2025-05-12 16:21:41,371 best fitness generation 82 : [78.33264286]
2025-05-12 16:21:41,373 best fitness generation 83 : [78.33264286]
2025-05-12 16:21:41,374 best fitness generation 84 : [78.33264286]
2025-05-12 16:21:41,376 best fitness generation 85 : [78.33264286]
2025-05-12 16:21:41,378 best fitness generation 86 : [78.33264286]
2025-05-12 16:21:41,380 best fitness generation 87 : [78.33264286]
2025-05-12 16:21:41,382 best fitness generation 88 : [78.33264286]
2025-05-12 16:21:41,384 best fitness generation 89 : [78.33264286]
2025-05-12 16:21:41,386 best fitness generation 90 : [78.33264286]
2025-05-12 16:21:41,388 best fitness generation 91 : [78.33264286]
2025-05-12 16:21:41,390 best fitness generation 92 : [78.33264286]
2025-05-12 16:21:41,392 best fitness generation 93 : [78.33264286]
2025-05-12 16:21:41,394 best fitness generation 94 : [78.33264286]
2025-05-12 16:21:41,396 best fitness generation 95 : [78.33264286]
2025-05-12 16:21:41,398 best fitness generation 96 : [78.33264286]
2025-05-12 16:21:41,400 best fitness generation 97 : [78.33264286]
2025-05-12 16:21:41,402 best fitness generation 98 : [78.33264286]
2025-05-12 16:21:41,404 best fitness generation 99 : [78.33264286]
2025-05-12 16:21:41,420 n_gen:100, pop size: 100, mut_rate:0.1
2025-05-12 16:21:41,420 {'mean': 78.33264286190108, 'stdev': 2.280723788466179e-14, 'max': 78.33264286190115, 'min': 78.332642861901, 'median': 78.33264286190108}
2025-05-12 16:22:05,669 best fitness generation 0 : [71.74705943]
2025-05-12 16:22:05,672 best fitness generation 1 : [74.95518057]
2025-05-12 16:22:05,674 best fitness generation 2 : [74.9984053]
2025-05-12 16:22:05,677 best fitness generation 3 : [78.42435565]
2025-05-12 16:22:05,679 best fitness generation 4 : [77.30864582]
2025-05-12 16:22:05,681 best fitness generation 5 : [76.79219011]
2025-05-12 16:22:05,683 best fitness generation 6 : [77.46430146]
2025-05-12 16:22:05,686 best fitness generation 7 : [77.46430146]
2025-05-12 16:22:05,688 best fitness generation 8 : [78.91747398]
2025-05-12 16:22:05,690 best fitness generation 9 : [79.86455659]
2025-05-12 16:22:05,692 best fitness generation 10 : [78.7605999]
2025-05-12 16:22:05,694 best fitness generation 11 : [78.7605999]
2025-05-12 16:22:05,697 best fitness generation 12 : [79.95861233]
2025-05-12 16:22:05,699 best fitness generation 13 : [79.95861233]
2025-05-12 16:22:05,701 best fitness generation 14 : [79.95861233]
2025-05-12 16:22:05,703 best fitness generation 15 : [79.95861233]
2025-05-12 16:22:05,705 best fitness generation 16 : [79.95861233]
2025-05-12 16:22:05,707 best fitness generation 17 : [79.96156993]
2025-05-12 16:22:05,709 best fitness generation 18 : [79.95861233]
2025-05-12 16:22:05,711 best fitness generation 19 : [79.96156993]
2025-05-12 16:22:05,713 best fitness generation 20 : [79.95886454]
2025-05-12 16:22:05,716 best fitness generation 21 : [79.96156993]
2025-05-12 16:22:05,718 best fitness generation 22 : [79.96156993]
2025-05-12 16:22:05,720 best fitness generation 23 : [79.96156993]
2025-05-12 16:22:05,722 best fitness generation 24 : [79.96156993]
2025-05-12 16:22:05,724 best fitness generation 25 : [79.96156993]
2025-05-12 16:22:05,726 best fitness generation 26 : [79.99070084]
2025-05-12 16:22:05,729 best fitness generation 27 : [79.99070084]
2025-05-12 16:22:05,731 best fitness generation 28 : [79.99070084]
2025-05-12 16:22:05,733 best fitness generation 29 : [79.99070084]
2025-05-12 16:22:05,735 best fitness generation 30 : [79.99070084]
2025-05-12 16:22:05,737 best fitness generation 31 : [79.99070084]
2025-05-12 16:22:05,739 best fitness generation 32 : [79.99137443]
2025-05-12 16:22:05,741 best fitness generation 33 : [79.99137443]
2025-05-12 16:22:05,744 best fitness generation 34 : [79.99675995]
2025-05-12 16:22:05,746 best fitness generation 35 : [79.99675995]
2025-05-12 16:22:05,748 best fitness generation 36 : [79.9988628]
2025-05-12 16:22:05,750 best fitness generation 37 : [79.9988628]
2025-05-12 16:22:05,752 best fitness generation 38 : [79.99971803]
2025-05-12 16:22:05,754 best fitness generation 39 : [79.99971803]
2025-05-12 16:22:05,756 best fitness generation 40 : [79.99995386]
2025-05-12 16:22:05,758 best fitness generation 41 : [79.9999571]
2025-05-12 16:22:05,760 best fitness generation 42 : [79.9999734]
2025-05-12 16:22:05,762 best fitness generation 43 : [79.99998398]
2025-05-12 16:22:05,765 best fitness generation 44 : [79.99998398]
2025-05-12 16:22:05,767 best fitness generation 45 : [79.99999752]
2025-05-12 16:22:05,769 best fitness generation 46 : [79.99999752]
2025-05-12 16:22:05,771 best fitness generation 47 : [79.99999436]
2025-05-12 16:22:05,773 best fitness generation 48 : [79.99999536]
2025-05-12 16:22:05,775 best fitness generation 49 : [79.99999811]
2025-05-12 16:22:05,777 best fitness generation 50 : [79.99999952]
2025-05-12 16:22:05,779 best fitness generation 51 : [79.99999958]
2025-05-12 16:22:05,781 best fitness generation 52 : [79.99999997]
2025-05-12 16:22:05,784 best fitness generation 53 : [79.99999997]
2025-05-12 16:22:05,786 best fitness generation 54 : [79.99999997]
2025-05-12 16:22:05,788 best fitness generation 55 : [79.99999998]
2025-05-12 16:22:05,790 best fitness generation 56 : [79.99999998]
2025-05-12 16:22:05,792 best fitness generation 57 : [79.99999998]
2025-05-12 16:22:05,794 best fitness generation 58 : [79.99999999]
2025-05-12 16:22:05,796 best fitness generation 59 : [79.99999999]
2025-05-12 16:22:05,798 best fitness generation 60 : [79.99999999]
2025-05-12 16:22:05,800 best fitness generation 61 : [80.]
2025-05-12 16:22:05,803 best fitness generation 62 : [80.]
2025-05-12 16:22:05,805 best fitness generation 63 : [80.]
2025-05-12 16:22:05,807 best fitness generation 64 : [80.]
2025-05-12 16:22:05,809 best fitness generation 65 : [80.]
2025-05-12 16:22:05,811 best fitness generation 66 : [80.]
2025-05-12 16:22:05,814 best fitness generation 67 : [80.]
2025-05-12 16:22:05,816 best fitness generation 68 : [80.]
2025-05-12 16:22:05,818 best fitness generation 69 : [80.]
2025-05-12 16:22:05,820 best fitness generation 70 : [80.]
2025-05-12 16:22:05,822 best fitness generation 71 : [80.]
2025-05-12 16:22:05,824 best fitness generation 72 : [80.]
2025-05-12 16:22:05,826 best fitness generation 73 : [80.]
2025-05-12 16:22:05,829 best fitness generation 74 : [80.]
2025-05-12 16:22:05,831 best fitness generation 75 : [80.]
2025-05-12 16:22:05,833 best fitness generation 76 : [80.]
2025-05-12 16:22:05,835 best fitness generation 77 : [80.]
2025-05-12 16:22:05,837 best fitness generation 78 : [80.]
2025-05-12 16:22:05,839 best fitness generation 79 : [80.]
2025-05-12 16:22:05,841 best fitness generation 80 : [80.]
2025-05-12 16:22:05,843 best fitness generation 81 : [80.]
2025-05-12 16:22:05,846 best fitness generation 82 : [80.]
2025-05-12 16:22:05,848 best fitness generation 83 : [80.]
2025-05-12 16:22:05,850 best fitness generation 84 : [80.]
2025-05-12 16:22:05,852 best fitness generation 85 : [80.]
2025-05-12 16:22:05,854 best fitness generation 86 : [80.]
2025-05-12 16:22:05,856 best fitness generation 87 : [80.]
2025-05-12 16:22:05,858 best fitness generation 88 : [80.]
2025-05-12 16:22:05,860 best fitness generation 89 : [80.]
2025-05-12 16:22:05,863 best fitness generation 90 : [80.]
2025-05-12 16:22:05,865 best fitness generation 91 : [80.]
2025-05-12 16:22:05,867 best fitness generation 92 : [80.]
2025-05-12 16:22:05,869 best fitness generation 93 : [80.]
2025-05-12 16:22:05,871 best fitness generation 94 : [80.]
2025-05-12 16:22:05,873 best fitness generation 95 : [80.]
2025-05-12 16:22:05,875 best fitness generation 96 : [80.]
2025-05-12 16:22:05,877 best fitness generation 97 : [80.]
2025-05-12 16:22:05,879 best fitness generation 98 : [80.]
2025-05-12 16:22:05,882 best fitness generation 99 : [80.]
2025-05-12 16:22:05,898 n_gen:100, pop size: 100, mut_rate:0.5
2025-05-12 16:22:05,898 {'mean': 80.0, 'stdev': 4.284733912779808e-15, 'max': 80.0, 'min': 79.99999999999999, 'median': 80.0}
2025-05-12 16:22:49,292 best fitness generation 0 : [79.81527218]
2025-05-12 16:22:49,293 found in [-0.32429544  5.02310926] 
2025-05-12 16:22:49,295 best fitness generation 1 : [74.83994422]
2025-05-12 16:22:49,295 found in [ 1.19309147 -6.96659445] 
2025-05-12 16:22:49,298 best fitness generation 2 : [74.67249992]
2025-05-12 16:22:49,298 found in [ 0.76815384 -1.30960124] 
2025-05-12 16:22:49,300 best fitness generation 3 : [78.66916597]
2025-05-12 16:22:49,300 found in [-0.78153387 -1.30960124] 
2025-05-12 16:22:49,303 best fitness generation 4 : [78.85883144]
2025-05-12 16:22:49,303 found in [ 5.69304321 -3.13980366] 
2025-05-12 16:22:49,305 best fitness generation 5 : [78.00288485]
2025-05-12 16:22:49,305 found in [-1.05331426  2.07764462] 
2025-05-12 16:22:49,307 best fitness generation 6 : [78.00288485]
2025-05-12 16:22:49,308 found in [-1.05331426  0.79891532] 
2025-05-12 16:22:49,310 best fitness generation 7 : [79.22523952]
2025-05-12 16:22:49,310 found in [-2.91369126  1.80861381] 
2025-05-12 16:22:49,312 best fitness generation 8 : [79.22523952]
2025-05-12 16:22:49,312 found in [-0.84966197  1.9235934 ] 
2025-05-12 16:22:49,315 best fitness generation 9 : [79.35668448]
2025-05-12 16:22:49,315 found in [-1.05331426 -0.16812177] 
2025-05-12 16:22:49,317 best fitness generation 10 : [79.35668448]
2025-05-12 16:22:49,317 found in [-0.15813697  2.62734907] 
2025-05-12 16:22:49,320 best fitness generation 11 : [79.35668448]
2025-05-12 16:22:49,320 found in [3.59914824 0.79608093] 
2025-05-12 16:22:49,322 best fitness generation 12 : [79.9430203]
2025-05-12 16:22:49,322 found in [ 0.0126199  -0.06840633] 
2025-05-12 16:22:49,324 best fitness generation 13 : [79.35668448]
2025-05-12 16:22:49,324 found in [-0.54782857  1.97498277] 
2025-05-12 16:22:49,327 best fitness generation 14 : [79.35668448]
2025-05-12 16:22:49,327 found in [-1.05331426 -1.03862786] 
2025-05-12 16:22:49,329 best fitness generation 15 : [79.35668448]
2025-05-12 16:22:49,329 found in [-0.90151048  0.70815217] 
2025-05-12 16:22:49,331 best fitness generation 16 : [79.9678618]
2025-05-12 16:22:49,331 found in [-2.45909796 -0.0558131 ] 
2025-05-12 16:22:49,334 best fitness generation 17 : [79.9678618]
2025-05-12 16:22:49,334 found in [-1.05331426 -0.11283744] 
2025-05-12 16:22:49,336 best fitness generation 18 : [79.35668448]
2025-05-12 16:22:49,336 found in [-0.95148216 -0.69763439] 
2025-05-12 16:22:49,338 best fitness generation 19 : [79.74869874]
2025-05-12 16:22:49,338 found in [0.0126199  0.32327655] 
2025-05-12 16:22:49,340 best fitness generation 20 : [79.94136452]
2025-05-12 16:22:49,341 found in [-0.9045446 -0.0558131] 
2025-05-12 16:22:49,343 best fitness generation 21 : [79.68055071]
2025-05-12 16:22:49,343 found in [ 0.55775491 -0.0558131 ] 
2025-05-12 16:22:49,345 best fitness generation 22 : [79.77887515]
2025-05-12 16:22:49,345 found in [ 1.01420622 -1.0606009 ] 
2025-05-12 16:22:49,347 best fitness generation 23 : [79.91781453]
2025-05-12 16:22:49,347 found in [1.01420622 1.19662221] 
2025-05-12 16:22:49,350 best fitness generation 24 : [79.96617039]
2025-05-12 16:22:49,350 found in [ 0.0126199  -0.06840633] 
2025-05-12 16:22:49,352 best fitness generation 25 : [79.96617039]
2025-05-12 16:22:49,352 found in [ 0.99469708 -0.06840633] 
2025-05-12 16:22:49,354 best fitness generation 26 : [79.94043777]
2025-05-12 16:22:49,354 found in [0.16118151 0.06595807] 
2025-05-12 16:22:49,356 best fitness generation 27 : [79.94043777]
2025-05-12 16:22:49,356 found in [ 0.0126199  -0.03095818] 
2025-05-12 16:22:49,359 best fitness generation 28 : [79.9291663]
2025-05-12 16:22:49,359 found in [ 0.47376812 -0.03095818] 
2025-05-12 16:22:49,361 best fitness generation 29 : [79.9291663]
2025-05-12 16:22:49,361 found in [ 0.83033486 -0.00219007] 
2025-05-12 16:22:49,363 best fitness generation 30 : [79.81011964]
2025-05-12 16:22:49,363 found in [-0.85751474 -0.54951081] 
2025-05-12 16:22:49,365 best fitness generation 31 : [79.73890797]
2025-05-12 16:22:49,365 found in [-0.42351114 -0.03095818] 
2025-05-12 16:22:49,367 best fitness generation 32 : [79.73890797]
2025-05-12 16:22:49,368 found in [0.0126199  1.94432075] 
2025-05-12 16:22:49,370 best fitness generation 33 : [79.96746864]
2025-05-12 16:22:49,370 found in [-2.60507795 -0.03095818] 
2025-05-12 16:22:49,372 best fitness generation 34 : [79.9291663]
2025-05-12 16:22:49,372 found in [ 0.02887936 -0.03095818] 
2025-05-12 16:22:49,374 best fitness generation 35 : [79.96004957]
2025-05-12 16:22:49,374 found in [1.78865294 1.00044822] 
2025-05-12 16:22:49,376 best fitness generation 36 : [79.96746864]
2025-05-12 16:22:49,377 found in [ 0.0126199  -0.01855035] 
2025-05-12 16:22:49,379 best fitness generation 37 : [79.96027704]
2025-05-12 16:22:49,379 found in [ 0.02887936 -0.93854322] 
2025-05-12 16:22:49,381 best fitness generation 38 : [79.96027704]
2025-05-12 16:22:49,381 found in [-0.52550673 -0.06840633] 
2025-05-12 16:22:49,383 best fitness generation 39 : [79.96027704]
2025-05-12 16:22:49,383 found in [-0.07905706  0.96246153] 
2025-05-12 16:22:49,385 best fitness generation 40 : [79.96663543]
2025-05-12 16:22:49,386 found in [ 1.03861902 -0.03095818] 
2025-05-12 16:22:49,388 best fitness generation 41 : [79.96663543]
2025-05-12 16:22:49,388 found in [ 0.0126199  -0.01658103] 
2025-05-12 16:22:49,390 best fitness generation 42 : [79.96068347]
2025-05-12 16:22:49,390 found in [ 0.02887936 -0.01407084] 
2025-05-12 16:22:49,392 best fitness generation 43 : [79.96068347]
2025-05-12 16:22:49,392 found in [ 0.02226657 -0.06840633] 
2025-05-12 16:22:49,395 best fitness generation 44 : [79.99629133]
2025-05-12 16:22:49,395 found in [ 0.0126199  -0.01658103] 
2025-05-12 16:22:49,397 best fitness generation 45 : [79.95111569]
2025-05-12 16:22:49,397 found in [ 0.08020421 -0.27829046] 
2025-05-12 16:22:49,399 best fitness generation 46 : [79.96068347]
2025-05-12 16:22:49,399 found in [ 0.0228675  -0.10091474] 
2025-05-12 16:22:49,402 best fitness generation 47 : [79.96068347]
2025-05-12 16:22:49,402 found in [0.07782746 1.24719386] 
2025-05-12 16:22:49,404 best fitness generation 48 : [79.96072777]
2025-05-12 16:22:49,404 found in [ 0.03346514 -0.01407084] 
2025-05-12 16:22:49,406 best fitness generation 49 : [79.96072777]
2025-05-12 16:22:49,406 found in [ 0.0660971  -0.05990691] 
2025-05-12 16:22:49,409 best fitness generation 50 : [79.98732423]
2025-05-12 16:22:49,409 found in [-0.02867659 -0.01658103] 
2025-05-12 16:22:49,411 best fitness generation 51 : [79.99761988]
2025-05-12 16:22:49,411 found in [0.0126199  0.00098773] 
2025-05-12 16:22:49,413 best fitness generation 52 : [79.99879848]
2025-05-12 16:22:49,413 found in [0.01400447 0.01246978] 
2025-05-12 16:22:49,415 best fitness generation 53 : [79.99879848]
2025-05-12 16:22:49,415 found in [-0.00030407  0.00345037] 
2025-05-12 16:22:49,418 best fitness generation 54 : [79.99954395]
2025-05-12 16:22:49,418 found in [-0.01169032 -0.01775849] 
2025-05-12 16:22:49,420 best fitness generation 55 : [79.99980641]
2025-05-12 16:22:49,420 found in [ 0.00770419 -0.00198311] 
2025-05-12 16:22:49,422 best fitness generation 56 : [79.99984264]
2025-05-12 16:22:49,422 found in [0.00094058 0.00227883] 
2025-05-12 16:22:49,424 best fitness generation 57 : [79.99984264]
2025-05-12 16:22:49,424 found in [0.00162504 0.00276009] 
2025-05-12 16:22:49,426 best fitness generation 58 : [79.99978318]
2025-05-12 16:22:49,427 found in [0.0028181  0.00236524] 
2025-05-12 16:22:49,429 best fitness generation 59 : [79.99998906]
2025-05-12 16:22:49,429 found in [-0.00122929 -0.00179942] 
2025-05-12 16:22:49,431 best fitness generation 60 : [79.99998906]
2025-05-12 16:22:49,431 found in [-4.88810964e-05 -2.29733609e-04] 
2025-05-12 16:22:49,433 best fitness generation 61 : [79.99998921]
2025-05-12 16:22:49,433 found in [ 0.00162504 -0.00213223] 
2025-05-12 16:22:49,435 best fitness generation 62 : [79.99998921]
2025-05-12 16:22:49,435 found in [-0.00091483 -0.00179942] 
2025-05-12 16:22:49,437 best fitness generation 63 : [79.99999789]
2025-05-12 16:22:49,438 found in [-0.00027387  0.00050041] 
2025-05-12 16:22:49,440 best fitness generation 64 : [79.99999698]
2025-05-12 16:22:49,440 found in [5.82777044e-05 5.43003871e-04] 
2025-05-12 16:22:49,442 best fitness generation 65 : [79.99999698]
2025-05-12 16:22:49,442 found in [-0.00014265  0.00044287] 
2025-05-12 16:22:49,444 best fitness generation 66 : [79.99999702]
2025-05-12 16:22:49,444 found in [0.00066395 0.00055756] 
2025-05-12 16:22:49,446 best fitness generation 67 : [79.99999982]
2025-05-12 16:22:49,446 found in [ 2.76393646e-05 -4.89460782e-04] 
2025-05-12 16:22:49,448 best fitness generation 68 : [79.99999928]
2025-05-12 16:22:49,448 found in [4.39726100e-05 1.37013025e-04] 
2025-05-12 16:22:49,450 best fitness generation 69 : [79.99999995]
2025-05-12 16:22:49,451 found in [ 2.99804598e-05 -1.03834261e-04] 
2025-05-12 16:22:49,453 best fitness generation 70 : [79.99999962]
2025-05-12 16:22:49,453 found in [ 4.39726100e-05 -5.45000402e-06] 
2025-05-12 16:22:49,455 best fitness generation 71 : [79.99999982]
2025-05-12 16:22:49,455 found in [1.01504524e-04 9.07756706e-05] 
2025-05-12 16:22:49,457 best fitness generation 72 : [79.99999992]
2025-05-12 16:22:49,457 found in [5.15616307e-05 3.87937190e-07] 
2025-05-12 16:22:49,459 best fitness generation 73 : [79.99999997]
2025-05-12 16:22:49,459 found in [ 3.25088436e-05 -2.85924099e-05] 
2025-05-12 16:22:49,461 best fitness generation 74 : [80.]
2025-05-12 16:22:49,461 found in [ 3.98340791e-06 -3.35792886e-05] 
2025-05-12 16:22:49,463 best fitness generation 75 : [80.]
2025-05-12 16:22:49,464 found in [ 3.98340791e-06 -3.28130417e-05] 
2025-05-12 16:22:49,466 best fitness generation 76 : [80.]
2025-05-12 16:22:49,466 found in [ 1.16221229e-05 -1.29352636e-05] 
2025-05-12 16:22:49,468 best fitness generation 77 : [80.]
2025-05-12 16:22:49,468 found in [-1.76805666e-05 -3.21054580e-05] 
2025-05-12 16:22:49,470 best fitness generation 78 : [80.]
2025-05-12 16:22:49,470 found in [-2.58330255e-05  3.87937190e-07] 
2025-05-12 16:22:49,472 best fitness generation 79 : [80.]
2025-05-12 16:22:49,472 found in [2.51851177e-06 5.42856530e-07] 
2025-05-12 16:22:49,474 best fitness generation 80 : [80.]
2025-05-12 16:22:49,474 found in [-9.11686749e-06  1.42997518e-05] 
2025-05-12 16:22:49,476 best fitness generation 81 : [80.]
2025-05-12 16:22:49,476 found in [-2.93001876e-06  3.87937190e-07] 
2025-05-12 16:22:49,479 best fitness generation 82 : [80.]
2025-05-12 16:22:49,479 found in [-1.22168883e-06 -1.63211351e-06] 
2025-05-12 16:22:49,481 best fitness generation 83 : [80.]
2025-05-12 16:22:49,481 found in [9.71515711e-08 5.42856530e-07] 
2025-05-12 16:22:49,483 best fitness generation 84 : [80.]
2025-05-12 16:22:49,483 found in [ 1.30312009e-06 -1.18674600e-06] 
2025-05-12 16:22:49,485 best fitness generation 85 : [80.]
2025-05-12 16:22:49,485 found in [ 7.66164186e-07 -9.34205505e-08] 
2025-05-12 16:22:49,487 best fitness generation 86 : [80.]
2025-05-12 16:22:49,487 found in [-6.29606831e-08  9.88028673e-07] 
2025-05-12 16:22:49,489 best fitness generation 87 : [80.]
2025-05-12 16:22:49,490 found in [-3.53102971e-07 -1.09706418e-07] 
2025-05-12 16:22:49,492 best fitness generation 88 : [80.]
2025-05-12 16:22:49,492 found in [-2.43309746e-07 -6.12695870e-07] 
2025-05-12 16:22:49,494 best fitness generation 89 : [80.]
2025-05-12 16:22:49,494 found in [2.18077204e-07 9.54342825e-08] 
2025-05-12 16:22:49,496 best fitness generation 90 : [80.]
2025-05-12 16:22:49,496 found in [1.09971411e-07 2.20887594e-07] 
2025-05-12 16:22:49,498 best fitness generation 91 : [80.]
2025-05-12 16:22:49,498 found in [-4.07898928e-07 -4.22979080e-07] 
2025-05-12 16:22:49,500 best fitness generation 92 : [80.]
2025-05-12 16:22:49,501 found in [-1.14827032e-07 -1.09706418e-07] 
2025-05-12 16:22:49,503 best fitness generation 93 : [80.]
2025-05-12 16:22:49,503 found in [ 7.03724841e-08 -3.33212229e-08] 
2025-05-12 16:22:49,505 best fitness generation 94 : [80.]
2025-05-12 16:22:49,505 found in [8.32709072e-08 5.21250916e-08] 
2025-05-12 16:22:49,507 best fitness generation 95 : [80.]
2025-05-12 16:22:49,507 found in [ 4.70160817e-08 -1.32753429e-07] 
2025-05-12 16:22:49,509 best fitness generation 96 : [80.]
2025-05-12 16:22:49,509 found in [-1.56565701e-07  6.06246466e-08] 
2025-05-12 16:22:49,512 best fitness generation 97 : [80.]
2025-05-12 16:22:49,512 found in [-6.29606831e-08  2.14734745e-08] 
2025-05-12 16:22:49,514 best fitness generation 98 : [80.]
2025-05-12 16:22:49,514 found in [-5.75194938e-08  1.76803583e-08] 
2025-05-12 16:22:49,516 best fitness generation 99 : [80.]
2025-05-12 16:22:49,516 found in [ 5.93426446e-08 -1.26729523e-08] 
2025-05-12 16:22:49,532 n_gen:100, pop size: 100, mut_rate:0.5
2025-05-12 16:22:49,532 {'mean': 79.9999999999995, 'stdev': 5.81413113835236e-13, 'max': 80.0, 'min': 79.99999999999709, 'median': 79.99999999999966}
2025-05-12 16:23:16,262 best fitness generation 0 : [68.611563] 	 found in [3.20138055 2.90909103] 
2025-05-12 16:23:16,265 best fitness generation 1 : [73.82792362] 	 found in [-3.19973005 -4.08193614] 
2025-05-12 16:23:16,267 best fitness generation 2 : [73.11129579] 	 found in [-3.01660076  2.77276122] 
2025-05-12 16:23:16,270 best fitness generation 3 : [67.0610425] 	 found in [-1.08631385 -3.24310834] 
2025-05-12 16:23:16,273 best fitness generation 4 : [77.93701525] 	 found in [-3.01660076 -1.58672795] 
2025-05-12 16:23:16,275 best fitness generation 5 : [77.93701525] 	 found in [-1.35123148 -2.18651814] 
2025-05-12 16:23:16,278 best fitness generation 6 : [75.0038545] 	 found in [ 0.8721299  -1.21017545] 
2025-05-12 16:23:16,280 best fitness generation 7 : [76.06194152] 	 found in [1.71722462 0.70068349] 
2025-05-12 16:23:16,282 best fitness generation 8 : [77.72321554] 	 found in [1.94273978 0.67889384] 
2025-05-12 16:23:16,285 best fitness generation 9 : [77.72321554] 	 found in [ 2.91783646 -0.84119897] 
2025-05-12 16:23:16,287 best fitness generation 10 : [77.72321554] 	 found in [ 1.11162221 -1.80091207] 
2025-05-12 16:23:16,290 best fitness generation 11 : [78.30556826] 	 found in [0.95884982 0.26386539] 
2025-05-12 16:23:16,292 best fitness generation 12 : [78.04932218] 	 found in [-2.96668732  1.92589776] 
2025-05-12 16:23:16,294 best fitness generation 13 : [78.04932218] 	 found in [1.1715642  1.00929484] 
2025-05-12 16:23:16,297 best fitness generation 14 : [78.67113249] 	 found in [1.11162221 1.90332243] 
2025-05-12 16:23:16,299 best fitness generation 15 : [78.7030049] 	 found in [ 3.01557475 -0.03818531] 
2025-05-12 16:23:16,302 best fitness generation 16 : [78.35575323] 	 found in [-2.04814347 -2.09295435] 
2025-05-12 16:23:16,304 best fitness generation 17 : [78.59101175] 	 found in [-2.04814347  1.74142091] 
2025-05-12 16:23:16,306 best fitness generation 18 : [79.32806968] 	 found in [ 1.03429214 -1.54434901] 
2025-05-12 16:23:16,308 best fitness generation 19 : [78.46031265] 	 found in [0.44017332 1.00639923] 
2025-05-12 16:23:16,311 best fitness generation 20 : [78.46031265] 	 found in [ 1.35345606 -0.0089131 ] 
2025-05-12 16:23:16,313 best fitness generation 21 : [79.33693883] 	 found in [1.0043902  0.16506676] 
2025-05-12 16:23:16,315 best fitness generation 22 : [78.7030049] 	 found in [2.5657807  0.92070209] 
2025-05-12 16:23:16,317 best fitness generation 23 : [79.32328818] 	 found in [ 0.58469643 -0.98974762] 
2025-05-12 16:23:16,320 best fitness generation 24 : [79.51182871] 	 found in [-0.02575108 -0.05753646] 
2025-05-12 16:23:16,322 best fitness generation 25 : [79.5512971] 	 found in [ 1.01306294 -1.30614797] 
2025-05-12 16:23:16,324 best fitness generation 26 : [79.5512971] 	 found in [0.05743001 0.15456109] 
2025-05-12 16:23:16,326 best fitness generation 27 : [79.35137228] 	 found in [1.01486144 1.00639923] 
2025-05-12 16:23:16,329 best fitness generation 28 : [79.35137228] 	 found in [0.06394652 1.00639923] 
2025-05-12 16:23:16,331 best fitness generation 29 : [79.9293113] 	 found in [-0.01167309  0.06235806] 
2025-05-12 16:23:16,333 best fitness generation 30 : [79.9293113] 	 found in [0.33933548 0.06235806] 
2025-05-12 16:23:16,335 best fitness generation 31 : [79.9293113] 	 found in [0.95610366 0.06235806] 
2025-05-12 16:23:16,338 best fitness generation 32 : [79.97165556] 	 found in [-0.08024117  0.42732969] 
2025-05-12 16:23:16,340 best fitness generation 33 : [79.9293113] 	 found in [-0.01167309 -0.103217  ] 
2025-05-12 16:23:16,342 best fitness generation 34 : [79.92908979] 	 found in [1.65287043 1.00639923] 
2025-05-12 16:23:16,344 best fitness generation 35 : [79.92908979] 	 found in [-0.06971605  1.00639923] 
2025-05-12 16:23:16,347 best fitness generation 36 : [79.82969458] 	 found in [0.12081117 0.19189406] 
2025-05-12 16:23:16,349 best fitness generation 37 : [79.82969458] 	 found in [1.81594579 0.31931544] 
2025-05-12 16:23:16,351 best fitness generation 38 : [79.82969458] 	 found in [-1.59476391  0.06235806] 
2025-05-12 16:23:16,354 best fitness generation 39 : [79.9487843] 	 found in [1.10237823 0.19720249] 
2025-05-12 16:23:16,356 best fitness generation 40 : [79.82969458] 	 found in [-0.01167309  0.13839286] 
2025-05-12 16:23:16,359 best fitness generation 41 : [79.8727005] 	 found in [-0.09949391 -0.37596401] 
2025-05-12 16:23:16,361 best fitness generation 42 : [79.97148793] 	 found in [-0.13703998  0.20977364] 
2025-05-12 16:23:16,363 best fitness generation 43 : [79.82969458] 	 found in [-0.58240663 -0.02690617] 
2025-05-12 16:23:16,365 best fitness generation 44 : [79.86282551] 	 found in [-0.01167309 -0.06503999] 
2025-05-12 16:23:16,368 best fitness generation 45 : [79.86282551] 	 found in [-0.90360874  0.13470372] 
2025-05-12 16:23:16,370 best fitness generation 46 : [79.93945777] 	 found in [1.21802   0.0935625] 
2025-05-12 16:23:16,372 best fitness generation 47 : [79.80942298] 	 found in [-1.00563067  0.09914872] 
2025-05-12 16:23:16,375 best fitness generation 48 : [79.83745978] 	 found in [-0.31725395 -0.06503999] 
2025-05-12 16:23:16,377 best fitness generation 49 : [79.96804491] 	 found in [-0.39532878  0.0935625 ] 
2025-05-12 16:23:16,379 best fitness generation 50 : [79.96804491] 	 found in [ 0.00603011 -0.2192919 ] 
2025-05-12 16:23:16,381 best fitness generation 51 : [79.82969458] 	 found in [-0.01742351 -0.02690617] 
2025-05-12 16:23:16,384 best fitness generation 52 : [79.83268463] 	 found in [ 0.05208001 -0.02802517] 
2025-05-12 16:23:16,386 best fitness generation 53 : [79.92000362] 	 found in [0.04300381 0.0073523 ] 
2025-05-12 16:23:16,388 best fitness generation 54 : [79.98789887] 	 found in [-0.08927192 -0.00496388] 
2025-05-12 16:23:16,390 best fitness generation 55 : [79.92544316] 	 found in [-0.01742351  0.01604766] 
2025-05-12 16:23:16,392 best fitness generation 56 : [79.98503026] 	 found in [-0.01742351  0.01604766] 
2025-05-12 16:23:16,395 best fitness generation 57 : [79.94615986] 	 found in [-0.02105532  0.03222143] 
2025-05-12 16:23:16,397 best fitness generation 58 : [79.94615986] 	 found in [-0.04400718  0.02875138] 
2025-05-12 16:23:16,399 best fitness generation 59 : [79.94883954] 	 found in [-0.01742351  0.04527737] 
2025-05-12 16:23:16,401 best fitness generation 60 : [79.99250011] 	 found in [-0.01742351 -0.0193643 ] 
2025-05-12 16:23:16,403 best fitness generation 61 : [79.99502406] 	 found in [0.00379385 0.02049863] 
2025-05-12 16:23:16,406 best fitness generation 62 : [79.99823153] 	 found in [-0.01128823 -0.01228069] 
2025-05-12 16:23:16,408 best fitness generation 63 : [79.99695349] 	 found in [-0.00771806 -0.00941998] 
2025-05-12 16:23:16,410 best fitness generation 64 : [79.99948198] 	 found in [0.00765073 0.01321914] 
2025-05-12 16:23:16,412 best fitness generation 65 : [79.99987474] 	 found in [-0.00094784  0.0044583 ] 
2025-05-12 16:23:16,414 best fitness generation 66 : [79.99991394] 	 found in [-0.00152114  0.00537531] 
2025-05-12 16:23:16,416 best fitness generation 67 : [79.99991394] 	 found in [0.00298091 0.00724162] 
2025-05-12 16:23:16,419 best fitness generation 68 : [79.99990257] 	 found in [0.00075186 0.00144583] 
2025-05-12 16:23:16,421 best fitness generation 69 : [79.9998697] 	 found in [0.00229284 0.00160452] 
2025-05-12 16:23:16,423 best fitness generation 70 : [79.99998936] 	 found in [-0.00096373 -0.00155566] 
2025-05-12 16:23:16,425 best fitness generation 71 : [79.99998936] 	 found in [0.00242101 0.00203889] 
2025-05-12 16:23:16,427 best fitness generation 72 : [79.99999025] 	 found in [ 0.0020978  -0.00155566] 
2025-05-12 16:23:16,429 best fitness generation 73 : [79.99999025] 	 found in [ 8.23006917e-04 -5.21352795e-06] 
2025-05-12 16:23:16,432 best fitness generation 74 : [79.99999745] 	 found in [0.00028991 0.00066585] 
2025-05-12 16:23:16,434 best fitness generation 75 : [79.99999921] 	 found in [-1.29919233e-04 -1.66758333e-06] 
2025-05-12 16:23:16,436 best fitness generation 76 : [79.99999921] 	 found in [-0.00021572  0.00028016] 
2025-05-12 16:23:16,438 best fitness generation 77 : [79.99999998] 	 found in [-1.92915399e-05  7.95682282e-05] 
2025-05-12 16:23:16,440 best fitness generation 78 : [79.99999999] 	 found in [-7.07121739e-05 -6.30104674e-05] 
2025-05-12 16:23:16,443 best fitness generation 79 : [79.99999999] 	 found in [4.26601918e-05 9.92674768e-05] 
2025-05-12 16:23:16,445 best fitness generation 80 : [79.99999999] 	 found in [-0.00016929 -0.00011973] 
2025-05-12 16:23:16,447 best fitness generation 81 : [79.99999975] 	 found in [-3.31809965e-05 -2.07572624e-04] 
2025-05-12 16:23:16,449 best fitness generation 82 : [79.99999999] 	 found in [ 2.17513759e-05 -1.13251217e-05] 
2025-05-12 16:23:16,451 best fitness generation 83 : [79.99999992] 	 found in [-1.92915399e-05  1.79763480e-05] 
2025-05-12 16:23:16,454 best fitness generation 84 : [80.] 	 found in [4.04859961e-05 2.00201562e-05] 
2025-05-12 16:23:16,456 best fitness generation 85 : [80.] 	 found in [ 5.45171113e-06 -2.62919668e-05] 
2025-05-12 16:23:16,458 best fitness generation 86 : [79.99999999] 	 found in [ 2.96820322e-05 -1.13251217e-05] 
2025-05-12 16:23:16,460 best fitness generation 87 : [79.99999999] 	 found in [2.96820322e-05 2.22417452e-05] 
2025-05-12 16:23:16,462 best fitness generation 88 : [80.] 	 found in [-1.81629291e-05  5.01766876e-06] 
2025-05-12 16:23:16,465 best fitness generation 89 : [80.] 	 found in [-6.51520959e-06 -3.01735948e-05] 
2025-05-12 16:23:16,467 best fitness generation 90 : [80.] 	 found in [5.45171113e-06 7.55648668e-07] 
2025-05-12 16:23:16,469 best fitness generation 91 : [80.] 	 found in [-1.77442525e-05  7.55648668e-07] 
2025-05-12 16:23:16,471 best fitness generation 92 : [80.] 	 found in [-4.61555266e-06 -7.16125629e-06] 
2025-05-12 16:23:16,473 best fitness generation 93 : [80.] 	 found in [-9.02490243e-06 -7.58928400e-07] 
2025-05-12 16:23:16,475 best fitness generation 94 : [80.] 	 found in [-1.25219803e-07  2.42713775e-06] 
2025-05-12 16:23:16,477 best fitness generation 95 : [80.] 	 found in [-4.37789385e-06 -5.35049989e-06] 
2025-05-12 16:23:16,480 best fitness generation 96 : [80.] 	 found in [ 7.82558622e-07 -1.81475477e-06] 
2025-05-12 16:23:16,482 best fitness generation 97 : [80.] 	 found in [-1.41926252e-06  2.76131427e-06] 
2025-05-12 16:23:16,484 best fitness generation 98 : [80.] 	 found in [-2.29940735e-06 -2.55587347e-07] 
2025-05-12 16:23:16,486 best fitness generation 99 : [80.] 	 found in [-2.29993491e-06  1.47892597e-06] 
2025-05-12 16:23:16,502 n_gen:100, pop size: 100, mut_rate:0.5
2025-05-12 16:23:16,502 {'mean': 79.99999999922565, 'stdev': 8.627042264938136e-10, 'max': 79.99999999999545, 'min': 79.9999999948964, 'median': 79.99999999943658}
2025-05-12 16:23:56,786 best fitness generation 0 : [76.325358]:.4f 	 found in [ 2.7438603 -0.50334  ] 
2025-05-12 16:23:56,789 best fitness generation 1 : [70.95689727]:.4f 	 found in [ 0.6365209  -1.62360909] 
2025-05-12 16:23:56,792 best fitness generation 2 : [76.83330086]:.4f 	 found in [0.95342945 3.42497067] 
2025-05-12 16:23:56,794 best fitness generation 3 : [77.52492222]:.4f 	 found in [-1.08893061 -3.67743251] 
2025-05-12 16:23:56,797 best fitness generation 4 : [76.90611412]:.4f 	 found in [ 0.89937139 -1.62360909] 
2025-05-12 16:23:56,799 best fitness generation 5 : [74.60992545]:.4f 	 found in [0.95342945 1.36371903] 
2025-05-12 16:23:56,802 best fitness generation 6 : [73.02276243]:.4f 	 found in [-0.13027925 -3.11028527] 
2025-05-12 16:23:56,804 best fitness generation 7 : [78.08963675]:.4f 	 found in [2.81653003 0.91580063] 
2025-05-12 16:23:56,806 best fitness generation 8 : [79.81070374]:.4f 	 found in [0.2922615  0.91580063] 
2025-05-12 16:23:56,809 best fitness generation 9 : [78.23524532]:.4f 	 found in [-0.89557721  0.91580063] 
2025-05-12 16:23:56,811 best fitness generation 10 : [78.23524532]:.4f 	 found in [ 0.95059459 -2.41231536] 
2025-05-12 16:23:56,813 best fitness generation 11 : [79.10787159]:.4f 	 found in [-1.43612219  0.99668405] 
2025-05-12 16:23:56,816 best fitness generation 12 : [78.23524532]:.4f 	 found in [-0.06266918  0.99668405] 
2025-05-12 16:23:56,818 best fitness generation 13 : [79.51627938]:.4f 	 found in [-0.10268243 -0.82127037] 
2025-05-12 16:23:56,820 best fitness generation 14 : [79.51627938]:.4f 	 found in [0.23602502 0.92406674] 
2025-05-12 16:23:56,823 best fitness generation 15 : [79.51627938]:.4f 	 found in [1.34712691 0.04833798] 
2025-05-12 16:23:56,825 best fitness generation 16 : [79.51627938]:.4f 	 found in [-0.13027925 -0.00506483] 
2025-05-12 16:23:56,827 best fitness generation 17 : [79.51627938]:.4f 	 found in [-0.95600177  0.99668405] 
2025-05-12 16:23:56,830 best fitness generation 18 : [79.22541434]:.4f 	 found in [-0.93278636 -0.00506483] 
2025-05-12 16:23:56,832 best fitness generation 19 : [78.9807506]:.4f 	 found in [-1.01402879  1.12360619] 
2025-05-12 16:23:56,834 best fitness generation 20 : [78.9807506]:.4f 	 found in [-0.95600177 -2.24732015] 
2025-05-12 16:23:56,836 best fitness generation 21 : [78.86892311]:.4f 	 found in [-0.93278636 -1.79555279] 
2025-05-12 16:23:56,839 best fitness generation 22 : [78.80739276]:.4f 	 found in [-0.99187583  0.99668405] 
2025-05-12 16:23:56,841 best fitness generation 23 : [79.61167867]:.4f 	 found in [-0.12454924 -0.34719906] 
2025-05-12 16:23:56,843 best fitness generation 24 : [78.86450486]:.4f 	 found in [-1.02067037  0.99668405] 
2025-05-12 16:23:56,846 best fitness generation 25 : [79.97050301]:.4f 	 found in [-1.10470768  0.06190879] 
2025-05-12 16:23:56,848 best fitness generation 26 : [78.9764644]:.4f 	 found in [ 0.55357125 -0.00692302] 
2025-05-12 16:23:56,850 best fitness generation 27 : [79.98755887]:.4f 	 found in [0.7515133  0.29613925] 
2025-05-12 16:23:56,853 best fitness generation 28 : [79.98755887]:.4f 	 found in [-1.12562003 -0.00692302] 
2025-05-12 16:23:56,855 best fitness generation 29 : [79.98755887]:.4f 	 found in [-0.93278636  1.03189019] 
2025-05-12 16:23:56,857 best fitness generation 30 : [79.98755887]:.4f 	 found in [-0.10268243 -0.05164074] 
2025-05-12 16:23:56,860 best fitness generation 31 : [79.46193991]:.4f 	 found in [ 1.05170058 -0.90375725] 
2025-05-12 16:23:56,862 best fitness generation 32 : [79.98755887]:.4f 	 found in [-1.00897895  0.99668405] 
2025-05-12 16:23:56,864 best fitness generation 33 : [79.98755887]:.4f 	 found in [-0.95600177  0.85350623] 
2025-05-12 16:23:56,867 best fitness generation 34 : [79.630113]:.4f 	 found in [-0.90998237  1.98624029] 
2025-05-12 16:23:56,869 best fitness generation 35 : [79.98755887]:.4f 	 found in [ 0.00608802 -0.00506483] 
2025-05-12 16:23:56,871 best fitness generation 36 : [79.98755887]:.4f 	 found in [-1.43748675 -0.79119029] 
2025-05-12 16:23:56,873 best fitness generation 37 : [79.98314062]:.4f 	 found in [0.00608802 0.22442098] 
2025-05-12 16:23:56,876 best fitness generation 38 : [79.98314062]:.4f 	 found in [ 0.24906424 -0.90375725] 
2025-05-12 16:23:56,878 best fitness generation 39 : [79.98314062]:.4f 	 found in [0.00608802 1.47300536] 
2025-05-12 16:23:56,880 best fitness generation 40 : [79.66224156]:.4f 	 found in [-1.7110554   0.99668405] 
2025-05-12 16:23:56,882 best fitness generation 41 : [79.98314062]:.4f 	 found in [-0.04767716 -0.0305367 ] 
2025-05-12 16:23:56,885 best fitness generation 42 : [79.98314062]:.4f 	 found in [ 1.04092193 -0.00692302] 
2025-05-12 16:23:56,887 best fitness generation 43 : [79.98314062]:.4f 	 found in [0.00608802 0.04402381] 
2025-05-12 16:23:56,889 best fitness generation 44 : [79.98314062]:.4f 	 found in [-0.4249492   0.99668405] 
2025-05-12 16:23:56,891 best fitness generation 45 : [79.98314062]:.4f 	 found in [ 0.80464837 -0.93848187] 
2025-05-12 16:23:56,894 best fitness generation 46 : [79.98314062]:.4f 	 found in [-0.54175958 -0.04092162] 
2025-05-12 16:23:56,896 best fitness generation 47 : [79.98314062]:.4f 	 found in [-0.91403129 -0.93848187] 
2025-05-12 16:23:56,898 best fitness generation 48 : [79.98314062]:.4f 	 found in [-0.08566159  0.49100616] 
2025-05-12 16:23:56,900 best fitness generation 49 : [79.98314062]:.4f 	 found in [0.00608802 2.01779057] 
2025-05-12 16:23:56,902 best fitness generation 50 : [79.98314062]:.4f 	 found in [-1.21793556 -0.85225562] 
2025-05-12 16:23:56,905 best fitness generation 51 : [79.98450017]:.4f 	 found in [ 0.02484168 -0.93312396] 
2025-05-12 16:23:56,907 best fitness generation 52 : [79.98450017]:.4f 	 found in [-0.27379585 -0.93848187] 
2025-05-12 16:23:56,909 best fitness generation 53 : [79.98450017]:.4f 	 found in [ 0.02484168 -0.06807884] 
2025-05-12 16:23:56,911 best fitness generation 54 : [79.98314062]:.4f 	 found in [-0.2612832   0.03065888] 
2025-05-12 16:23:56,913 best fitness generation 55 : [79.98314062]:.4f 	 found in [-0.49044369  0.99668405] 
2025-05-12 16:23:56,916 best fitness generation 56 : [79.98314062]:.4f 	 found in [0.00608802 0.99668405] 
2025-05-12 16:23:56,919 best fitness generation 57 : [79.99049119]:.4f 	 found in [-0.25049549  0.99668405] 
2025-05-12 16:23:56,921 best fitness generation 58 : [79.98314062]:.4f 	 found in [0.85918846 0.99668405] 
2025-05-12 16:23:56,924 best fitness generation 59 : [79.98314062]:.4f 	 found in [ 0.98349175 -0.00692302] 
2025-05-12 16:23:56,927 best fitness generation 60 : [79.98314062]:.4f 	 found in [-0.13603443  0.03065888] 
2025-05-12 16:23:56,929 best fitness generation 61 : [79.98314062]:.4f 	 found in [ 0.07447752 -0.04941841] 
2025-05-12 16:23:56,932 best fitness generation 62 : [79.98314062]:.4f 	 found in [ 0.00608802 -0.00692302] 
2025-05-12 16:23:56,934 best fitness generation 63 : [79.98314062]:.4f 	 found in [0.03301928 0.94606158] 
2025-05-12 16:23:56,937 best fitness generation 64 : [79.98314062]:.4f 	 found in [ 0.23165722 -0.06807884] 
2025-05-12 16:23:56,939 best fitness generation 65 : [79.98612731]:.4f 	 found in [ 0.02484168 -0.06807884] 
2025-05-12 16:23:56,941 best fitness generation 66 : [79.98612731]:.4f 	 found in [0.17927528 1.18615584] 
2025-05-12 16:23:56,944 best fitness generation 67 : [79.97291964]:.4f 	 found in [0.00862921 0.03065888] 
2025-05-12 16:23:56,946 best fitness generation 68 : [79.98477633]:.4f 	 found in [ 0.01891648 -0.04941841] 
2025-05-12 16:23:56,948 best fitness generation 69 : [79.98477633]:.4f 	 found in [-0.0598577  -0.06807884] 
2025-05-12 16:23:56,951 best fitness generation 70 : [79.96753594]:.4f 	 found in [0.01075914 0.25081588] 
2025-05-12 16:23:56,953 best fitness generation 71 : [79.96753594]:.4f 	 found in [-0.01129219  0.09837285] 
2025-05-12 16:23:56,955 best fitness generation 72 : [79.99041522]:.4f 	 found in [0.02525929 0.0429422 ] 
2025-05-12 16:23:56,958 best fitness generation 73 : [79.99042484]:.4f 	 found in [-0.00170627 -0.06446996] 
2025-05-12 16:23:56,960 best fitness generation 74 : [79.99041522]:.4f 	 found in [-0.02643083  0.01735598] 
2025-05-12 16:23:56,963 best fitness generation 75 : [79.99771541]:.4f 	 found in [ 0.02484168 -0.01096342] 
2025-05-12 16:23:56,966 best fitness generation 76 : [79.99824163]:.4f 	 found in [-0.02643083  0.01735598] 
2025-05-12 16:23:56,968 best fitness generation 77 : [79.99985863]:.4f 	 found in [ 0.00624014 -0.00333469] 
2025-05-12 16:23:56,971 best fitness generation 78 : [79.99959446]:.4f 	 found in [-0.00637167  0.00037653] 
2025-05-12 16:23:56,974 best fitness generation 79 : [79.99985863]:.4f 	 found in [-0.01474939  0.00037653] 
2025-05-12 16:23:56,977 best fitness generation 80 : [79.9996498]:.4f 	 found in [ 0.00126212 -0.01086622] 
2025-05-12 16:23:56,981 best fitness generation 81 : [79.99912832]:.4f 	 found in [-0.00429304 -0.00023575] 
2025-05-12 16:23:56,984 best fitness generation 82 : [79.99956107]:.4f 	 found in [-0.00575108  0.00224918] 
2025-05-12 16:23:56,988 best fitness generation 83 : [79.99997808]:.4f 	 found in [-0.00216935  0.0031709 ] 
2025-05-12 16:23:56,991 best fitness generation 84 : [79.99997808]:.4f 	 found in [ 0.00156706 -0.00184532] 
2025-05-12 16:23:56,993 best fitness generation 85 : [79.99997808]:.4f 	 found in [-0.00060404  0.00254394] 
2025-05-12 16:23:56,996 best fitness generation 86 : [79.99998388]:.4f 	 found in [-1.07161813e-03 -2.25326470e-05] 
2025-05-12 16:23:56,999 best fitness generation 87 : [79.99999105]:.4f 	 found in [ 0.00193217 -0.00075111] 
2025-05-12 16:23:57,002 best fitness generation 88 : [79.99999611]:.4f 	 found in [ 0.00021125 -0.00049789] 
2025-05-12 16:23:57,005 best fitness generation 89 : [79.99999988]:.4f 	 found in [ 0.00072287 -0.00316538] 
2025-05-12 16:23:57,007 best fitness generation 90 : [79.99999988]:.4f 	 found in [-3.60973131e-04 -5.43763002e-05] 
2025-05-12 16:23:57,010 best fitness generation 91 : [79.99999951]:.4f 	 found in [ 3.25726480e-04 -7.82712153e-05] 
2025-05-12 16:23:57,013 best fitness generation 92 : [79.99999951]:.4f 	 found in [ 1.34413902e-04 -5.43763002e-05] 
2025-05-12 16:23:57,016 best fitness generation 93 : [79.99999951]:.4f 	 found in [-0.00016008  0.00051459] 
2025-05-12 16:23:57,018 best fitness generation 94 : [79.99999834]:.4f 	 found in [0.00037979 0.00023323] 
2025-05-12 16:23:57,021 best fitness generation 95 : [79.99999998]:.4f 	 found in [0.00031507 0.00021301] 
2025-05-12 16:23:57,024 best fitness generation 96 : [79.9999999]:.4f 	 found in [ 1.34413902e-04 -2.25326470e-05] 
2025-05-12 16:23:57,026 best fitness generation 97 : [79.9999999]:.4f 	 found in [5.14334930e-05 1.59834665e-04] 
2025-05-12 16:23:57,029 best fitness generation 98 : [79.99999986]:.4f 	 found in [5.15440015e-06 3.78177281e-05] 
2025-05-12 16:23:57,032 best fitness generation 99 : [79.99999986]:.4f 	 found in [-1.08725501e-04 -2.70940976e-05] 
2025-05-12 16:23:57,052 n_gen:100, pop size: 100, mut_rate:0.5
2025-05-12 16:23:57,052 {'mean': 79.99999646589136, 'stdev': 3.5325032671558945e-06, 'max': 79.99999985911367, 'min': 79.99997889093588, 'median': 79.99999755716365}
2025-05-12 16:25:21,907 best fitness generation 0 : 77.5080 	 found in [7.20744588 2.58200506] 
2025-05-12 16:25:21,910 best fitness generation 1 : 76.3277 	 found in [ 4.68663318 -4.67506962] 
2025-05-12 16:25:21,912 best fitness generation 2 : 76.3277 	 found in [ 1.19843633 -2.14304046] 
2025-05-12 16:25:21,914 best fitness generation 3 : 76.3277 	 found in [-0.33609807 -1.8301071 ] 
2025-05-12 16:25:21,917 best fitness generation 4 : 76.3277 	 found in [ 1.16676024 -1.09854619] 
2025-05-12 16:25:21,919 best fitness generation 5 : 77.3214 	 found in [-3.27142445  5.33435447] 
2025-05-12 16:25:21,921 best fitness generation 6 : 77.4769 	 found in [2.61703916 1.64753295] 
2025-05-12 16:25:21,923 best fitness generation 7 : 77.3432 	 found in [0.08625668 2.04066275] 
2025-05-12 16:25:21,926 best fitness generation 8 : 77.3432 	 found in [-2.20129645  0.90646062] 
2025-05-12 16:25:21,928 best fitness generation 9 : 76.7574 	 found in [-1.94594924  0.01578256] 
2025-05-12 16:25:21,930 best fitness generation 10 : 77.6051 	 found in [ 0.78479757 -1.0300072 ] 
2025-05-12 16:25:21,933 best fitness generation 11 : 77.6051 	 found in [-0.10617923  0.26627324] 
2025-05-12 16:25:21,935 best fitness generation 12 : 79.0010 	 found in [-1.63165661  0.85943952] 
2025-05-12 16:25:21,938 best fitness generation 13 : 78.4946 	 found in [ 0.9983533  -0.14664647] 
2025-05-12 16:25:21,941 best fitness generation 14 : 77.5596 	 found in [ 1.10162273 -1.0300072 ] 
2025-05-12 16:25:21,943 best fitness generation 15 : 77.5836 	 found in [0.96632252 0.90646062] 
2025-05-12 16:25:21,946 best fitness generation 16 : 77.5836 	 found in [-0.05389153 -0.88967403] 
2025-05-12 16:25:21,948 best fitness generation 17 : 78.4684 	 found in [0.08625668 1.08834609] 
2025-05-12 16:25:21,950 best fitness generation 18 : 78.2895 	 found in [ 0.08625668 -0.83026612] 
2025-05-12 16:25:21,952 best fitness generation 19 : 79.3026 	 found in [0.13564334 0.93444335] 
2025-05-12 16:25:21,955 best fitness generation 20 : 78.2985 	 found in [-0.76093235 -0.04903083] 
2025-05-12 16:25:21,957 best fitness generation 21 : 78.2985 	 found in [0.08625668 2.54127592] 
2025-05-12 16:25:21,959 best fitness generation 22 : 79.6010 	 found in [-0.14348037  0.31869227] 
2025-05-12 16:25:21,962 best fitness generation 23 : 79.3686 	 found in [-0.03870838  1.08834609] 
2025-05-12 16:25:21,964 best fitness generation 24 : 78.9247 	 found in [ 0.08088793 -0.03043692] 
2025-05-12 16:25:21,966 best fitness generation 25 : 78.9389 	 found in [-0.02227284 -1.01073417] 
2025-05-12 16:25:21,969 best fitness generation 26 : 79.5210 	 found in [-0.01858045 -1.01073417] 
2025-05-12 16:25:21,971 best fitness generation 27 : 79.7445 	 found in [0.42354939 1.08834609] 
2025-05-12 16:25:21,973 best fitness generation 28 : 79.8209 	 found in [ 0.34393724 -2.02670146] 
2025-05-12 16:25:21,975 best fitness generation 29 : 79.7445 	 found in [ 0.16775112 -0.30853275] 
2025-05-12 16:25:21,978 best fitness generation 30 : 79.8986 	 found in [ 0.16559365 -0.03413842] 
2025-05-12 16:25:21,980 best fitness generation 31 : 79.8592 	 found in [ 0.02009703 -1.01073417] 
2025-05-12 16:25:21,982 best fitness generation 32 : 79.9479 	 found in [0.00506376 0.01540426] 
2025-05-12 16:25:21,984 best fitness generation 33 : 79.9479 	 found in [ 0.02009703 -0.38880909] 
2025-05-12 16:25:21,987 best fitness generation 34 : 79.9938 	 found in [0.09110067 0.01910637] 
2025-05-12 16:25:21,989 best fitness generation 35 : 79.9938 	 found in [-0.02200494 -0.03043692] 
2025-05-12 16:25:21,991 best fitness generation 36 : 79.9479 	 found in [-0.00249615 -0.03043692] 
2025-05-12 16:25:21,993 best fitness generation 37 : 79.9924 	 found in [0.0414037  0.13557559] 
2025-05-12 16:25:21,996 best fitness generation 38 : 79.9948 	 found in [0.00506376 0.01540426] 
2025-05-12 16:25:21,998 best fitness generation 39 : 79.9948 	 found in [-0.00435247  0.00932318] 
2025-05-12 16:25:22,000 best fitness generation 40 : 79.9948 	 found in [0.03487175 0.03532752] 
2025-05-12 16:25:22,002 best fitness generation 41 : 79.9973 	 found in [-0.01318508  0.03058898] 
2025-05-12 16:25:22,004 best fitness generation 42 : 79.9973 	 found in [ 0.00506376 -0.00531236] 
2025-05-12 16:25:22,007 best fitness generation 43 : 79.9998 	 found in [ 8.67999949e-05 -2.42359901e-02] 
2025-05-12 16:25:22,009 best fitness generation 44 : 80.0000 	 found in [-0.01022751 -0.00518579] 
2025-05-12 16:25:22,011 best fitness generation 45 : 80.0000 	 found in [-0.0027395  -0.00120188] 
2025-05-12 16:25:22,013 best fitness generation 46 : 80.0000 	 found in [-0.00126073 -0.01112241] 
2025-05-12 16:25:22,015 best fitness generation 47 : 80.0000 	 found in [ 0.00013586 -0.00120432] 
2025-05-12 16:25:22,017 best fitness generation 48 : 80.0000 	 found in [-0.00167356 -0.00248563] 
2025-05-12 16:25:22,020 best fitness generation 49 : 80.0000 	 found in [-0.00345664 -0.00354254] 
2025-05-12 16:25:22,022 best fitness generation 50 : 80.0000 	 found in [-0.00017148  0.00124995] 
2025-05-12 16:25:22,024 best fitness generation 51 : 80.0000 	 found in [1.47067595e-03 1.66374114e-05] 
2025-05-12 16:25:22,026 best fitness generation 52 : 80.0000 	 found in [-3.49198798e-05  1.66374114e-05] 
2025-05-12 16:25:22,028 best fitness generation 53 : 80.0000 	 found in [-0.00026216 -0.00029715] 
2025-05-12 16:25:22,031 best fitness generation 54 : 80.0000 	 found in [ 0.00019397 -0.00041392] 
2025-05-12 16:25:22,033 best fitness generation 55 : 80.0000 	 found in [ 0.0001384  -0.00013736] 
2025-05-12 16:25:22,035 best fitness generation 56 : 80.0000 	 found in [0.0001573  0.00028019] 
2025-05-12 16:25:22,037 best fitness generation 57 : 80.0000 	 found in [-0.0002345  -0.00020081] 
2025-05-12 16:25:22,039 best fitness generation 58 : 80.0000 	 found in [ 7.66096978e-05 -1.37361315e-04] 
2025-05-12 16:25:22,041 best fitness generation 59 : 80.0000 	 found in [ 1.18705340e-05 -1.46752826e-05] 
2025-05-12 16:25:22,044 best fitness generation 60 : 80.0000 	 found in [-1.21580775e-04 -8.69336385e-05] 
2025-05-12 16:25:22,046 best fitness generation 61 : 80.0000 	 found in [1.15788689e-05 1.56125314e-04] 
2025-05-12 16:25:22,048 best fitness generation 62 : 80.0000 	 found in [-1.25098893e-05  4.53070869e-06] 
2025-05-12 16:25:22,050 best fitness generation 63 : 80.0000 	 found in [ 5.75921471e-05 -2.89041215e-06] 
2025-05-12 16:25:22,052 best fitness generation 64 : 80.0000 	 found in [6.60780766e-05 1.13093455e-05] 
2025-05-12 16:25:22,055 best fitness generation 65 : 80.0000 	 found in [4.41900262e-05 7.08498586e-05] 
2025-05-12 16:25:22,057 best fitness generation 66 : 80.0000 	 found in [ 2.44117340e-05 -7.65188333e-06] 
2025-05-12 16:25:22,059 best fitness generation 67 : 80.0000 	 found in [-3.09174225e-05  2.96808393e-06] 
2025-05-12 16:25:22,061 best fitness generation 68 : 80.0000 	 found in [-1.72184057e-06 -6.44796882e-06] 
2025-05-12 16:25:22,064 best fitness generation 69 : 80.0000 	 found in [-1.30620240e-05 -2.01930821e-06] 
2025-05-12 16:25:22,066 best fitness generation 70 : 80.0000 	 found in [-6.59839690e-06  2.71047758e-06] 
2025-05-12 16:25:22,068 best fitness generation 71 : 80.0000 	 found in [-2.86917629e-06 -3.55579373e-06] 
2025-05-12 16:25:22,070 best fitness generation 72 : 80.0000 	 found in [2.83621665e-06 1.78033068e-06] 
2025-05-12 16:25:22,072 best fitness generation 73 : 80.0000 	 found in [-1.36272749e-06  2.71047758e-06] 
2025-05-12 16:25:22,075 best fitness generation 74 : 80.0000 	 found in [-3.51869407e-06 -3.89346475e-06] 
2025-05-12 16:25:22,077 best fitness generation 75 : 80.0000 	 found in [-3.04476089e-06 -2.57084918e-06] 
2025-05-12 16:25:22,079 best fitness generation 76 : 80.0000 	 found in [ 3.65014728e-07 -2.57718746e-06] 
2025-05-12 16:25:22,081 best fitness generation 77 : 80.0000 	 found in [-1.36272749e-06  1.53460752e-08] 
2025-05-12 16:25:22,083 best fitness generation 78 : 80.0000 	 found in [-1.59660802e-07 -2.70000445e-09] 
2025-05-12 16:25:22,086 best fitness generation 79 : 80.0000 	 found in [-1.10230164e-06 -4.87985290e-07] 
2025-05-12 16:25:22,088 best fitness generation 80 : 80.0000 	 found in [2.87130100e-07 2.16608656e-07] 
2025-05-12 16:25:22,090 best fitness generation 81 : 80.0000 	 found in [-5.67941848e-07  2.16608656e-07] 
2025-05-12 16:25:22,093 best fitness generation 82 : 80.0000 	 found in [-1.04972929e-08 -2.70000445e-09] 
2025-05-12 16:25:22,095 best fitness generation 83 : 80.0000 	 found in [-3.50744670e-07  2.16608656e-07] 
2025-05-12 16:25:22,097 best fitness generation 84 : 80.0000 	 found in [2.87130100e-07 1.71294379e-09] 
2025-05-12 16:25:22,100 best fitness generation 85 : 80.0000 	 found in [2.19176388e-08 2.47103977e-07] 
2025-05-12 16:25:22,102 best fitness generation 86 : 80.0000 	 found in [ 2.19176388e-08 -1.30425323e-07] 
2025-05-12 16:25:22,105 best fitness generation 87 : 80.0000 	 found in [-1.26225125e-07 -1.30425323e-07] 
2025-05-12 16:25:22,107 best fitness generation 88 : 80.0000 	 found in [-1.04972929e-08  1.71294379e-09] 
2025-05-12 16:25:22,109 best fitness generation 89 : 80.0000 	 found in [-2.14537015e-08  5.53438675e-08] 
2025-05-12 16:25:22,111 best fitness generation 90 : 80.0000 	 found in [-5.67455167e-09  1.71294379e-09] 
2025-05-12 16:25:22,113 best fitness generation 91 : 80.0000 	 found in [-7.24156872e-09 -1.76679632e-08] 
2025-05-12 16:25:22,116 best fitness generation 92 : 80.0000 	 found in [ 9.72755566e-09 -1.18562406e-08] 
2025-05-12 16:25:22,118 best fitness generation 93 : 80.0000 	 found in [-1.09303957e-08 -2.70000445e-09] 
2025-05-12 16:25:22,120 best fitness generation 94 : 80.0000 	 found in [ 2.24663436e-09 -5.61086059e-09] 
2025-05-12 16:25:22,122 best fitness generation 95 : 80.0000 	 found in [-7.25580722e-09 -2.02163871e-10] 
2025-05-12 16:25:22,124 best fitness generation 96 : 80.0000 	 found in [4.58496796e-09 6.36822379e-09] 
2025-05-12 16:25:22,127 best fitness generation 97 : 80.0000 	 found in [-3.63071564e-09  8.12599630e-10] 
2025-05-12 16:25:22,129 best fitness generation 98 : 80.0000 	 found in [ 1.20731317e-09 -2.75992126e-09] 
2025-05-12 16:25:22,131 best fitness generation 99 : 80.0000 	 found in [-3.05033181e-09 -2.75992126e-09] 
2025-05-12 16:25:22,147 n_gen:100, pop size: 100, mut_rate:0.5
2025-05-12 16:25:22,147 {'mean': 80.0, 'stdev': 5.712978550373078e-15, 'max': 80.0, 'min': 79.99999999999997, 'median': 80.0}
